editor/tree-sitter-ndk/aidl/build/outputs/logs/manifest-merger-release-report.txt
-- Merging decision tree log ---
manifest
ADDED from ProcessLibraryManifest/release/tempAndroidManifest15758925709082044652.xml:2:13-83
INJECTED from ProcessLibraryManifest/release/tempAndroidManifest15758925709082044652.xml:2:13-83
	package
		INJECTED from ProcessLibraryManifest/release/tempAndroidManifest15758925709082044652.xml
	xmlns:android
		ADDED from ProcessLibraryManifest/release/tempAndroidManifest15758925709082044652.xml:2:23-81
uses-sdk
INJECTED from ProcessLibraryManifest/release/tempAndroidManifest15758925709082044652.xml reason: use-sdk injection requested
INJECTED from ProcessLibraryManifest/release/tempAndroidManifest15758925709082044652.xml
INJECTED from ProcessLibraryManifest/release/tempAndroidManifest15758925709082044652.xml
	android:targetSdkVersion
		INJECTED from ProcessLibraryManifest/release/tempAndroidManifest15758925709082044652.xml
	android:minSdkVersion
		INJECTED from ProcessLibraryManifest/release/tempAndroidManifest15758925709082044652.xml